2025-11-17 09:42:16.282 - DBeaver 25.2.4.202511021717 is starting
2025-11-17 09:42:16.282 - OS: Windows 10 10.0 (amd64)
2025-11-17 09:42:16.282 - Java version: 21.0.8 by Eclipse Adoptium (64bit)
2025-11-17 09:42:16.282 - Install path: 'C:\Users\admin\AppData\Local\DBeaver'
2025-11-17 09:42:16.282 - Instance path: 'file:/C:/Users/admin/Desktop/java_py_gye/java_py_gye/DBeaverData/workspace6/'
2025-11-17 09:42:16.282 - Memory available 64Mb/1024Mb
2025-11-17 09:42:16.282 - Create display
2025-11-17 09:42:16.375 - Initialize desktop platform...
2025-11-17 09:42:16.475 - BounceCastle bundle found. Use JCE provider BC
> Start Core File Systems [org.eclipse.core.filesystem 1.11.300.v20250607-0645]
> Start Core Resource Management [org.eclipse.core.resources 3.23.0.v20250729-1759]
> Start 팀 지원 핵심 [org.eclipse.team.core 3.10.800.v20250610-0708]
> Start DBeaver UI Navigator [org.jkiss.dbeaver.ui.navigator 1.0.166.202511021717]
Warning: NLS unused message: WorkbenchPreference_reuseEditorsThreshold in: org.eclipse.ui.internal.messages
Warning: NLS unused message: 이유 in: org.eclipse.ui.internal.messages
2025-11-17 09:42:16.678 - Initialize base platform...
2025-11-17 09:42:16.685 - Platform initialized (310ms)
2025-11-17 09:42:16.704 - Starting instance server at http://localhost:54780
2025-11-17 09:42:16.704 - Run workbench
> Start Eclipse IDE UI [org.eclipse.ui.ide 3.22.700.v20250727-0505]
> Start Eclipse e4 작업영역 SWT [org.eclipse.e4.ui.workbench.swt 0.17.900.v20250612-1000]
> Start Eclipse Application Services [org.eclipse.e4.core.services 2.5.200.v20250326-1945]
> Start Eclipse UI Application Services [org.eclipse.e4.ui.services 1.6.500.v20250123-0754]
> Start Eclipse e4 Progress View [org.eclipse.e4.ui.progress 0.4.800.v20250422-1254]
> Start Eclipse Bindings Support [org.eclipse.e4.ui.bindings 0.14.700.v20250612-1000]
> Start Eclipse e4 core commands [org.eclipse.e4.core.commands 1.1.600.v20250307-1331]
> Start EMF XML/XMI Persistence [org.eclipse.emf.ecore.xmi 2.39.0.v20250414-1351]
> Start Eclipse CSS SWT Theme Support [org.eclipse.e4.ui.css.swt.theme 0.14.500.v20250213-1508]
> Start Eclipse e4 작업영역 기능 추가 [org.eclipse.e4.ui.workbench.addons.swt 1.5.800.v20250701-0653]
> Start Eclipse e4 작업영역 SWT 렌더러 [org.eclipse.e4.ui.workbench.renderers.swt 0.16.900.v20250828-1028]
> Start Eclipse Dependency Injection Extensions [org.eclipse.e4.core.di.extensions 0.18.300.v20240413-1529]
> Start DBeaver AI Model [org.jkiss.dbeaver.model.ai 2.0.9.202511021717]
> Start DBeaver AI UI [org.jkiss.dbeaver.ui.ai 1.0.68.202511021717]
> Start Eclipse CSS SWT Support [org.eclipse.e4.ui.css.swt 0.15.600.v20250409-1135]
2025-11-17 09:42:17.642 - Configure workbench window
> Start DBeaver SQL Model [org.jkiss.dbeaver.model.sql 1.0.156.202511021717]
2025-11-17 09:42:17.753 - Total database drivers: 128 (128)
> Start 도움말 시스템 코어 [org.eclipse.help 3.10.600.v20250613-0437]
2025-11-17 09:42:17.825 - Create actions
> Start 기본 문서 편집기 [org.eclipse.ui.editors 3.20.100.v20250814-1056]
> Start 텍스트 편집기 프레임워크 [org.eclipse.ui.workbench.texteditor 3.19.300.v20250815-0722]
2025-11-17 09:42:18.760 - Initialize workbench window
2025-11-17 09:42:18.770 - Finish initialization
> Start DBeaver UI Editors - Data [org.jkiss.dbeaver.ui.editors.data 1.0.166.202511021717]
> Start Equinox Java Authentication and Authorization Service (JAAS) [org.eclipse.equinox.security 1.4.700.v20250622-1644]
> Start 인터넷 연결 관리 사용자 인터페이스 [org.eclipse.ui.net 1.5.500.v20250611-0855]
> Start Internet Connection Management [org.eclipse.core.net 1.5.800.v20250613-1119]
> Start DBeaver UI Editors - SQL [org.jkiss.dbeaver.ui.editors.sql 1.0.166.202511021717]
> Start DBeaver Dashboard UI [org.jkiss.dbeaver.ui.dashboard 1.0.163.202511021717]
> Start GEF Classic Draw2d [org.eclipse.draw2d 3.20.100.202508011427]
> Start GEF Classic GEF (MVC) [org.eclipse.gef 3.23.0.202507261623]
> Start DBeaver ERD UI [org.jkiss.dbeaver.ui.editors.erd 3.1.7.202511021717]
> Start DBeaver ERD Model [org.jkiss.dbeaver.model.erd 1.1.7.202511021717]
> Start DBeaver Sample Database [org.jkiss.dbeaver.ui.config.sample 1.0.203.202511021717]
2025-11-17 09:42:34.606 - Open [https://dbeaver.io/product/version.xml]
2025-11-17 09:42:41.522 - Downloading installation file to C:\Users\admin\AppData\Local\Temp\dbeaver-ce-latest-x86_64-setup.exe12143201395893881108\dbeaver-ce-latest-x86_64-setup.exe
2025-11-17 09:42:41.523 - Open [https://dbeaver.io/files/dbeaver-ce-latest-x86_64-setup.exe]
2025-11-17 09:42:48.135 - Dispose navigator model
2025-11-17 09:42:48.236 - DBeaver is stopping
2025-11-17 09:42:48.240 - Stop instance server
2025-11-17 09:42:49.244 - Instance server has been stopped
2025-11-17 09:42:49.244 - DBeaver shutdown completed
