2025-11-21 10:24:24.131 - DBeaver 25.2.4.202511021717 is starting
2025-11-21 10:24:24.131 - OS: Windows 10 10.0 (amd64)
2025-11-21 10:24:24.131 - Java version: 21.0.8 by Eclipse Adoptium (64bit)
2025-11-21 10:24:24.132 - Install path: 'C:\Users\admin\AppData\Local\DBeaver'
2025-11-21 10:24:24.132 - Instance path: 'file:/C:/Users/admin/Desktop/SQL_utilize/sql_utilize/DBeaverData/workspace6/'
2025-11-21 10:24:24.133 - Memory available 64Mb/1024Mb
2025-11-21 10:24:24.141 - Create display
2025-11-21 10:24:24.235 - Initialize desktop platform...
2025-11-21 10:24:24.356 - BounceCastle bundle found. Use JCE provider BC
> Start Core File Systems [org.eclipse.core.filesystem 1.11.300.v20250607-0645]
> Start Core Resource Management [org.eclipse.core.resources 3.23.0.v20250729-1759]
> Start 팀 지원 핵심 [org.eclipse.team.core 3.10.800.v20250610-0708]
> Start DBeaver UI Navigator [org.jkiss.dbeaver.ui.navigator 1.0.166.202511021717]
2025-11-21 10:24:24.539 - Initialize base platform...
2025-11-21 10:24:24.549 - send collected statistics
2025-11-21 10:24:24.560 - Platform initialized (325ms)
2025-11-21 10:24:24.674 - Starting instance server at http://localhost:55684
2025-11-21 10:24:24.684 - Run workbench
> Start Eclipse e4 작업영역 SWT [org.eclipse.e4.ui.workbench.swt 0.17.900.v20250612-1000]
> Start Eclipse Application Services [org.eclipse.e4.core.services 2.5.200.v20250326-1945]
> Start Eclipse UI Application Services [org.eclipse.e4.ui.services 1.6.500.v20250123-0754]
> Start Eclipse e4 Progress View [org.eclipse.e4.ui.progress 0.4.800.v20250422-1254]
> Start Eclipse Bindings Support [org.eclipse.e4.ui.bindings 0.14.700.v20250612-1000]
> Start Eclipse e4 core commands [org.eclipse.e4.core.commands 1.1.600.v20250307-1331]
> Start EMF XML/XMI Persistence [org.eclipse.emf.ecore.xmi 2.39.0.v20250414-1351]
> Start Eclipse CSS SWT Theme Support [org.eclipse.e4.ui.css.swt.theme 0.14.500.v20250213-1508]
> Start Eclipse e4 작업영역 기능 추가 [org.eclipse.e4.ui.workbench.addons.swt 1.5.800.v20250701-0653]
Warning: NLS unused message: WorkbenchPreference_reuseEditorsThreshold in: org.eclipse.ui.internal.messages
Warning: NLS unused message: 이유 in: org.eclipse.ui.internal.messages
> Start Eclipse e4 작업영역 SWT 렌더러 [org.eclipse.e4.ui.workbench.renderers.swt 0.16.900.v20250828-1028]
> Start Eclipse Dependency Injection Extensions [org.eclipse.e4.core.di.extensions 0.18.300.v20240413-1529]
> Start DBeaver AI Model [org.jkiss.dbeaver.model.ai 2.0.9.202511021717]
> Start DBeaver AI UI [org.jkiss.dbeaver.ui.ai 1.0.68.202511021717]
> Start Eclipse CSS SWT Support [org.eclipse.e4.ui.css.swt 0.15.600.v20250409-1135]
2025-11-21 10:24:26.253 - Configure workbench window
> Start DBeaver SQL Model [org.jkiss.dbeaver.model.sql 1.0.156.202511021717]
2025-11-21 10:24:26.863 - Total database drivers: 128 (128)
> Start 도움말 시스템 코어 [org.eclipse.help 3.10.600.v20250613-0437]
2025-11-21 10:24:26.954 - Create actions
2025-11-21 10:24:27.651 - Initialize workbench window
2025-11-21 10:24:27.667 - Finish initialization
> Start 기본 문서 편집기 [org.eclipse.ui.editors 3.20.100.v20250814-1056]
> Start 텍스트 편집기 프레임워크 [org.eclipse.ui.workbench.texteditor 3.19.300.v20250815-0722]
> Start DBeaver UI Editors - Data [org.jkiss.dbeaver.ui.editors.data 1.0.166.202511021717]
> Start DBeaver UI Editors - SQL [org.jkiss.dbeaver.ui.editors.sql 1.0.166.202511021717]
Warning: NLS unused message: FindReplace_RegExCheckbox_label in: org.eclipse.ui.texteditor.EditorMessages
Warning: NLS unused message: FindReplace_WrapCheckBox_label in: org.eclipse.ui.texteditor.EditorMessages
Warning: NLS unused message: FindReplace_IncrementalCheckBox_label in: org.eclipse.ui.texteditor.EditorMessages
Warning: NLS unused message: FindReplace_Options in: org.eclipse.ui.texteditor.EditorMessages
Warning: NLS unused message: FindReplace_ReplaceSelectionButton_label in: org.eclipse.ui.texteditor.EditorMessages
Warning: NLS unused message: FindReplace_SelectedRangeRadioButton_label in: org.eclipse.ui.texteditor.EditorMessages
Warning: NLS unused message: FindReplace_SelectAllButton_label in: org.eclipse.ui.texteditor.EditorMessages
Warning: NLS unused message: FindReplace_GlobalRadioButton_label in: org.eclipse.ui.texteditor.EditorMessages
Warning: NLS unused message: FindReplace_WholeWordCheckBox_label in: org.eclipse.ui.texteditor.EditorMessages
Warning: NLS unused message: FindReplace_ReplaceFindButton_label in: org.eclipse.ui.texteditor.EditorMessages
Warning: NLS unused message: FindReplace_BackwardRadioButton_label in: org.eclipse.ui.texteditor.EditorMessages
Warning: NLS unused message: FindReplace_CloseButton_label in: org.eclipse.ui.texteditor.EditorMessages
Warning: NLS unused message: FindReplace_Replace_label in: org.eclipse.ui.texteditor.EditorMessages
Warning: NLS unused message: FindReplace_CaseCheckBox_label in: org.eclipse.ui.texteditor.EditorMessages
Warning: NLS unused message: FindReplace_Status_replacements_label in: org.eclipse.ui.texteditor.EditorMessages
Warning: NLS unused message: FindReplace_title in: org.eclipse.ui.texteditor.EditorMessages
Warning: NLS unused message: FindReplace_Direction in: org.eclipse.ui.texteditor.EditorMessages
Warning: NLS unused message: FindReplace_ReplaceAllButton_label in: org.eclipse.ui.texteditor.EditorMessages
Warning: NLS unused message: FindReplace_Scope in: org.eclipse.ui.texteditor.EditorMessages
Warning: NLS unused message: FindReplace_Find_label in: org.eclipse.ui.texteditor.EditorMessages
Warning: NLS unused message: FindReplace_ForwardRadioButton_label in: org.eclipse.ui.texteditor.EditorMessages
Warning: NLS unused message: FindReplace_FindNextButton_label in: org.eclipse.ui.texteditor.EditorMessages
> Start DBeaver SQL Terminal [org.jkiss.dbeaver.ui.editors.sql.terminal 1.0.142.202511021717]
> Start 핵심 비교 지원 [org.eclipse.compare.core 3.8.800.v20250718-1505]
> Start Equinox Java Authentication and Authorization Service (JAAS) [org.eclipse.equinox.security 1.4.700.v20250622-1644]
> Start 인터넷 연결 관리 사용자 인터페이스 [org.eclipse.ui.net 1.5.500.v20250611-0855]
> Start Internet Connection Management [org.eclipse.core.net 1.5.800.v20250613-1119]
> Start DBeaver Sample Database [org.jkiss.dbeaver.ui.config.sample 1.0.203.202511021717]
2025-11-21 10:24:30.098 - Open [https://dbeaver.io/product/version.xml]
> Start DBeaver Dashboard UI [org.jkiss.dbeaver.ui.dashboard 1.0.163.202511021717]
> Start GEF Classic Draw2d [org.eclipse.draw2d 3.20.100.202508011427]
> Start GEF Classic GEF (MVC) [org.eclipse.gef 3.23.0.202507261623]
> Start DBeaver ERD UI [org.jkiss.dbeaver.ui.editors.erd 3.1.7.202511021717]
> Start DBeaver ERD Model [org.jkiss.dbeaver.model.erd 1.1.7.202511021717]
> Start DBeaver JDBC Model [org.jkiss.dbeaver.model.jdbc 1.0.59.202511021717]
> Start DBeaver MySQL Support [org.jkiss.dbeaver.ext.mysql 2.1.251.202511021717]
> Start 콘솔 [org.eclipse.ui.console 3.14.400.v20250607-0653]
> Start 디버그 핵심 [org.eclipse.debug.core 3.23.100.v20250811-0711]
> Start DBeaver Tasks - Native Tools UI [org.jkiss.dbeaver.tasks.native.ui 1.0.144.202511021717]
> Start DBeaver MySQL UI Support [org.jkiss.dbeaver.ext.mysql.ui 1.0.158.202511021717]
> Start DBeaver Tasks - General UI [org.jkiss.dbeaver.tasks.ui 1.0.144.202511021717]
2025-11-21 10:24:31.370 - Connect with 'localhost' (mysql8-19a8f4e1500-893f1b5602c29dd)
2025-11-21 10:24:31.390 - Execution context opened (localhost; Main; 0)
> Start DBeaver GIS Support [org.jkiss.dbeaver.data.gis 1.0.190.202511021717]
2025-11-21 10:24:31.590 - Execution context opened (localhost; Metadata; 1)
> Start DBeaver SQL Language Semantic Model [org.jkiss.dbeaver.model.lsm 1.0.61.202511021717]
2025-11-21 10:24:31.709 - Connected (mysql8-19a8f4e1500-893f1b5602c29dd, MySQL Connector/J [mysql-connector-j-8.2.0 (Revision: 06a1f724497fd81c6a659131fda822c9e5085b6c)])
2025-11-21 10:24:31.768 - Execution context opened (localhost; SQLEditor <Script-5.sql>; 2)
2025-11-21 10:24:38.101 - Execution context closed (localhost, 2)
2025-11-21 10:24:41.694 - Execution context opened (localhost; SQLEditor <Script-6.sql>; 3)
2025-11-21 10:28:52.157 - Execution context closed (localhost, 3)
2025-11-21 10:28:59.598 - Execution context opened (localhost; SQLEditor <Script-7.sql>; 4)
> Start DBeaver Data Transfer [org.jkiss.dbeaver.data.transfer 2.0.150.202511021717]
2025-11-21 10:30:37.763 - Execution context closed (localhost, 4)
2025-11-21 10:30:48.779 - Execution context opened (localhost; SQLEditor <Script-7.sql>; 5)
2025-11-21 10:54:28.083 - Execution context closed (localhost, 5)
2025-11-21 10:54:32.296 - Execution context opened (localhost; SQLEditor <Script-8.sql>; 6)
2025-11-21 10:57:08.511 - Execution context closed (localhost, 6)
2025-11-21 10:57:12.707 - Execution context opened (localhost; SQLEditor <Script-8.sql>; 7)
2025-11-21 11:12:22.447 - Execution context closed (localhost, 7)
2025-11-21 11:12:24.843 - Execution context opened (localhost; SQLEditor <Script-9.sql>; 8)
2025-11-21 11:18:26.694 - Delete empty SQL script '\General\Scripts\Script-9.sql'
2025-11-21 11:18:26.704 - Execution context closed (localhost, 8)
2025-11-21 13:49:13.354 - Application goes into sleep mode
2025-11-21 13:50:40.834 - Application wakes
2025-11-21 14:21:14.701 - Application goes into sleep mode
2025-11-21 14:21:41.778 - Application wakes
2025-11-21 15:47:55.915 - Execution context closed (localhost, 0)
2025-11-21 15:47:55.925 - Execution context closed (localhost, 1)
2025-11-21 15:47:55.925 - Disconnected (mysql8-19a8f4e1500-893f1b5602c29dd)
2025-11-21 16:40:41.366 - Dispose navigator model
2025-11-21 16:40:41.387 - DBeaver is stopping
2025-11-21 16:40:41.389 - Stop instance server
2025-11-21 16:40:42.394 - Instance server has been stopped
2025-11-21 16:40:42.394 - DBeaver shutdown completed
