2025-11-17 09:51:31.761 - DBeaver 25.2.4.202511021717 is starting
2025-11-17 09:51:31.762 - OS: Windows 10 10.0 (amd64)
2025-11-17 09:51:31.762 - Java version: 21.0.8 by Eclipse Adoptium (64bit)
2025-11-17 09:51:31.762 - Install path: 'C:\Users\admin\AppData\Local\DBeaver'
2025-11-17 09:51:31.762 - Instance path: 'file:/C:/Users/admin/Desktop/java_py_gye/java_py_gye/DBeaverData/workspace6/'
2025-11-17 09:51:31.763 - Memory available 64Mb/1024Mb
2025-11-17 09:51:31.770 - Create display
2025-11-17 09:51:31.835 - Initialize desktop platform...
2025-11-17 09:51:31.928 - BounceCastle bundle found. Use JCE provider BC
> Start Core File Systems [org.eclipse.core.filesystem 1.11.300.v20250607-0645]
> Start Core Resource Management [org.eclipse.core.resources 3.23.0.v20250729-1759]
> Start 팀 지원 핵심 [org.eclipse.team.core 3.10.800.v20250610-0708]
> Start DBeaver UI Navigator [org.jkiss.dbeaver.ui.navigator 1.0.166.202511021717]
2025-11-17 09:51:32.055 - Initialize base platform...
2025-11-17 09:51:32.062 - send collected statistics
2025-11-17 09:51:32.071 - Platform initialized (236ms)
2025-11-17 09:51:32.158 - Starting instance server at http://localhost:54965
2025-11-17 09:51:32.162 - Run workbench
> Start Eclipse e4 작업영역 SWT [org.eclipse.e4.ui.workbench.swt 0.17.900.v20250612-1000]
> Start Eclipse Application Services [org.eclipse.e4.core.services 2.5.200.v20250326-1945]
> Start Eclipse UI Application Services [org.eclipse.e4.ui.services 1.6.500.v20250123-0754]
> Start Eclipse e4 Progress View [org.eclipse.e4.ui.progress 0.4.800.v20250422-1254]
> Start Eclipse Bindings Support [org.eclipse.e4.ui.bindings 0.14.700.v20250612-1000]
> Start Eclipse e4 core commands [org.eclipse.e4.core.commands 1.1.600.v20250307-1331]
> Start EMF XML/XMI Persistence [org.eclipse.emf.ecore.xmi 2.39.0.v20250414-1351]
> Start Eclipse CSS SWT Theme Support [org.eclipse.e4.ui.css.swt.theme 0.14.500.v20250213-1508]
> Start Eclipse e4 작업영역 기능 추가 [org.eclipse.e4.ui.workbench.addons.swt 1.5.800.v20250701-0653]
Warning: NLS unused message: WorkbenchPreference_reuseEditorsThreshold in: org.eclipse.ui.internal.messages
Warning: NLS unused message: 이유 in: org.eclipse.ui.internal.messages
> Start Eclipse e4 작업영역 SWT 렌더러 [org.eclipse.e4.ui.workbench.renderers.swt 0.16.900.v20250828-1028]
> Start Eclipse Dependency Injection Extensions [org.eclipse.e4.core.di.extensions 0.18.300.v20240413-1529]
> Start DBeaver AI Model [org.jkiss.dbeaver.model.ai 2.0.9.202511021717]
> Start DBeaver AI UI [org.jkiss.dbeaver.ui.ai 1.0.68.202511021717]
> Start Eclipse CSS SWT Support [org.eclipse.e4.ui.css.swt 0.15.600.v20250409-1135]
2025-11-17 09:51:33.233 - Configure workbench window
> Start DBeaver SQL Model [org.jkiss.dbeaver.model.sql 1.0.156.202511021717]
2025-11-17 09:51:33.350 - Total database drivers: 128 (128)
> Start 도움말 시스템 코어 [org.eclipse.help 3.10.600.v20250613-0437]
2025-11-17 09:51:33.390 - Create actions
2025-11-17 09:51:33.757 - Initialize workbench window
2025-11-17 09:51:33.768 - Finish initialization
> Start 기본 문서 편집기 [org.eclipse.ui.editors 3.20.100.v20250814-1056]
> Start 텍스트 편집기 프레임워크 [org.eclipse.ui.workbench.texteditor 3.19.300.v20250815-0722]
> Start DBeaver UI Editors - Data [org.jkiss.dbeaver.ui.editors.data 1.0.166.202511021717]
> Start Equinox Java Authentication and Authorization Service (JAAS) [org.eclipse.equinox.security 1.4.700.v20250622-1644]
> Start 인터넷 연결 관리 사용자 인터페이스 [org.eclipse.ui.net 1.5.500.v20250611-0855]
> Start Internet Connection Management [org.eclipse.core.net 1.5.800.v20250613-1119]
> Start DBeaver UI Editors - SQL [org.jkiss.dbeaver.ui.editors.sql 1.0.166.202511021717]
> Start DBeaver Sample Database [org.jkiss.dbeaver.ui.config.sample 1.0.203.202511021717]
> Start DBeaver Dashboard UI [org.jkiss.dbeaver.ui.dashboard 1.0.163.202511021717]
> Start GEF Classic Draw2d [org.eclipse.draw2d 3.20.100.202508011427]
> Start GEF Classic GEF (MVC) [org.eclipse.gef 3.23.0.202507261623]
> Start DBeaver ERD UI [org.jkiss.dbeaver.ui.editors.erd 3.1.7.202511021717]
> Start DBeaver ERD Model [org.jkiss.dbeaver.model.erd 1.1.7.202511021717]
> Start 검색 지원 [org.eclipse.search 3.17.300.v20250714-0728]
> Start DBeaver Search UI [org.jkiss.dbeaver.ui.search 1.0.157.202511021717]
Warning: NLS unused message: FindReplace_RegExCheckbox_label in: org.eclipse.ui.texteditor.EditorMessages
Warning: NLS unused message: FindReplace_WrapCheckBox_label in: org.eclipse.ui.texteditor.EditorMessages
Warning: NLS unused message: FindReplace_IncrementalCheckBox_label in: org.eclipse.ui.texteditor.EditorMessages
Warning: NLS unused message: FindReplace_Options in: org.eclipse.ui.texteditor.EditorMessages
Warning: NLS unused message: FindReplace_ReplaceSelectionButton_label in: org.eclipse.ui.texteditor.EditorMessages
Warning: NLS unused message: FindReplace_SelectedRangeRadioButton_label in: org.eclipse.ui.texteditor.EditorMessages
Warning: NLS unused message: FindReplace_SelectAllButton_label in: org.eclipse.ui.texteditor.EditorMessages
Warning: NLS unused message: FindReplace_GlobalRadioButton_label in: org.eclipse.ui.texteditor.EditorMessages
Warning: NLS unused message: FindReplace_WholeWordCheckBox_label in: org.eclipse.ui.texteditor.EditorMessages
Warning: NLS unused message: FindReplace_ReplaceFindButton_label in: org.eclipse.ui.texteditor.EditorMessages
Warning: NLS unused message: FindReplace_BackwardRadioButton_label in: org.eclipse.ui.texteditor.EditorMessages
Warning: NLS unused message: FindReplace_CloseButton_label in: org.eclipse.ui.texteditor.EditorMessages
Warning: NLS unused message: FindReplace_Replace_label in: org.eclipse.ui.texteditor.EditorMessages
Warning: NLS unused message: FindReplace_CaseCheckBox_label in: org.eclipse.ui.texteditor.EditorMessages
Warning: NLS unused message: FindReplace_Status_replacements_label in: org.eclipse.ui.texteditor.EditorMessages
Warning: NLS unused message: FindReplace_title in: org.eclipse.ui.texteditor.EditorMessages
Warning: NLS unused message: FindReplace_Direction in: org.eclipse.ui.texteditor.EditorMessages
Warning: NLS unused message: FindReplace_ReplaceAllButton_label in: org.eclipse.ui.texteditor.EditorMessages
Warning: NLS unused message: FindReplace_Scope in: org.eclipse.ui.texteditor.EditorMessages
Warning: NLS unused message: FindReplace_Find_label in: org.eclipse.ui.texteditor.EditorMessages
Warning: NLS unused message: FindReplace_ForwardRadioButton_label in: org.eclipse.ui.texteditor.EditorMessages
Warning: NLS unused message: FindReplace_FindNextButton_label in: org.eclipse.ui.texteditor.EditorMessages
> Start DBeaver SQL Terminal [org.jkiss.dbeaver.ui.editors.sql.terminal 1.0.142.202511021717]
> Start 핵심 비교 지원 [org.eclipse.compare.core 3.8.800.v20250718-1505]
> Start 콘솔 [org.eclipse.ui.console 3.14.400.v20250607-0653]
> Start 디버그 핵심 [org.eclipse.debug.core 3.23.100.v20250811-0711]
2025-11-17 09:52:30.777 - Delete empty SQL script '\General\Scripts\Script.sql'
> Start DBeaver MySQL UI Support [org.jkiss.dbeaver.ext.mysql.ui 1.0.158.202511021717]
> Start DBeaver JDBC Model [org.jkiss.dbeaver.model.jdbc 1.0.59.202511021717]
> Start DBeaver MySQL Support [org.jkiss.dbeaver.ext.mysql 2.1.251.202511021717]
2025-11-17 09:54:10.456 - Service 'org.jkiss.dbeaver.ui.UIServiceConnectionEditor' not found
2025-11-17 09:54:10.491 - Service 'org.jkiss.dbeaver.runtime.ui.UIServiceSecurity' not found
2025-11-17 09:54:23.153 - Open [https://repo1.maven.org/maven2/com/mysql/mysql-connector-j/8.2.0/mysql-connector-j-8.2.0.pom]
2025-11-17 09:54:23.496 - Open [https://repo1.maven.org/maven2/com/google/protobuf/protobuf-java/3.21.9/protobuf-java-3.21.9.pom]
2025-11-17 09:54:23.536 - Open [https://repo1.maven.org/maven2/com/google/protobuf/protobuf-parent/3.21.9/protobuf-parent-3.21.9.pom]
2025-11-17 09:54:23.573 - Open [https://repo1.maven.org/maven2/com/google/protobuf/protobuf-bom/3.21.9/protobuf-bom-3.21.9.pom]
2025-11-17 09:54:25.016 - Open [https://repo1.maven.org/maven2/com/mysql/mysql-connector-j/8.2.0/mysql-connector-j-8.2.0.jar]
2025-11-17 09:54:25.119 - Open [https://repo1.maven.org/maven2/com/google/protobuf/protobuf-java/3.21.9/protobuf-java-3.21.9.jar]
2025-11-17 09:54:25.219 - Connect with 'localhost' (mysql8-19a8f4e1500-893f1b5602c29dd)
2025-11-17 09:54:25.236 - Execution context opened (localhost; Main; 0)
> Start DBeaver GIS Support [org.jkiss.dbeaver.data.gis 1.0.190.202511021717]
2025-11-17 09:54:25.364 - Execution context opened (localhost; Metadata; 1)
2025-11-17 09:54:25.398 - Connected (mysql8-19a8f4e1500-893f1b5602c29dd, MySQL Connector/J [mysql-connector-j-8.2.0 (Revision: 06a1f724497fd81c6a659131fda822c9e5085b6c)])
2025-11-17 09:56:34.967 - Execution context opened (localhost; SQLEditor <Script.sql>; 2)
> Start DBeaver Tasks - Native Tools UI [org.jkiss.dbeaver.tasks.native.ui 1.0.144.202511021717]
> Start DBeaver Tasks - General UI [org.jkiss.dbeaver.tasks.ui 1.0.144.202511021717]
> Start DBeaver SQL Language Semantic Model [org.jkiss.dbeaver.model.lsm 1.0.61.202511021717]
2025-11-17 10:04:57.239 - Can't get column 'password': Column 'password' not found.
> Start DBeaver Data Transfer [org.jkiss.dbeaver.data.transfer 2.0.150.202511021717]
2025-11-17 12:33:36.110 - Paste error: clipboard contains data in unsupported format
2025-11-17 13:00:48.352 - Error while analyzing query text: INSERT INTO orders_fc (customer, order_date, ship_date, price) values
('홍길동', '2025-01-02', '2025-01-05', 30000),
('이몽룡', '2025-01-10', '2025-01-12', 45000),
('성춘향', '2024-12-28', '2025-01-03', 52000),
('김철수', '2025-02-01', '2025-02-03', 15000),
('박영희', '2025-02-10', NULL, 22000)
java.lang.IllegalStateException: Rows data was not resolved yet
	at org.jkiss.dbeaver.model.sql.semantics.model.select.SQLQueryRowsSourceModel.getRowsDataContext(SQLQueryRowsSourceModel.java:52)
	at org.jkiss.dbeaver.model.sql.semantics.model.dml.SQLQueryInsertModel.resolveValueRelations(SQLQueryInsertModel.java:114)
	at org.jkiss.dbeaver.model.sql.semantics.model.SQLQueryModel.resolveRelations(SQLQueryModel.java:73)
	at org.jkiss.dbeaver.model.sql.semantics.SQLQueryModelRecognizer.recognizeQuery(SQLQueryModelRecognizer.java:154)
	at org.jkiss.dbeaver.model.sql.semantics.SQLQueryModelRecognizer.recognizeQuery(SQLQueryModelRecognizer.java:1026)
	at org.jkiss.dbeaver.ui.editors.sql.semantics.SQLBackgroundParsingJob.doWork(SQLBackgroundParsingJob.java:605)
	at org.jkiss.dbeaver.ui.editors.sql.semantics.SQLBackgroundParsingJob$1.run(SQLBackgroundParsingJob.java:85)
	at org.jkiss.dbeaver.model.runtime.AbstractJob.run(AbstractJob.java:119)
	at org.eclipse.core.internal.jobs.Worker.run(Worker.java:63)
2025-11-17 13:10:18.979 - Table 'academy_db.orders_fc' not found in metadata catalog
2025-11-17 13:11:17.560 - Table 'academy_db.orders_fc' not found in metadata catalog
2025-11-17 13:13:54.934 - Table 'academy_db.orders_fc' not found in metadata catalog
2025-11-17 13:13:54.934 - Table 'academy_db.orders_fc' not found in metadata catalog
2025-11-17 13:13:54.934 - Table 'academy_db.orders_fc' not found in metadata catalog
2025-11-17 13:13:54.935 - Table 'academy_db.orders_fc' not found in metadata catalog
2025-11-17 13:13:54.935 - Table 'academy_db.orders_fc' not found in metadata catalog
2025-11-17 13:15:51.085 - Table 'academy_db.orders_fc' not found in metadata catalog
2025-11-17 13:15:51.085 - Table 'academy_db.orders_fc' not found in metadata catalog
2025-11-17 13:16:02.248 - Table 'academy_db.orders_fc' not found in metadata catalog
2025-11-17 13:16:02.248 - Table 'academy_db.orders_fc' not found in metadata catalog
2025-11-17 13:16:02.248 - Table 'academy_db.orders_fc' not found in metadata catalog
2025-11-17 13:16:02.248 - Table 'academy_db.orders_fc' not found in metadata catalog
2025-11-17 13:16:02.248 - Table 'academy_db.orders_fc' not found in metadata catalog
2025-11-17 13:16:05.007 - Table 'academy_db.orders_fc' not found in metadata catalog
2025-11-17 13:16:05.007 - Table 'academy_db.orders_fc' not found in metadata catalog
2025-11-17 13:16:05.007 - Table 'academy_db.orders_fc' not found in metadata catalog
2025-11-17 13:16:05.007 - Table 'academy_db.orders_fc' not found in metadata catalog
2025-11-17 13:16:05.007 - Table 'academy_db.orders_fc' not found in metadata catalog
2025-11-17 13:16:20.439 - Table 'academy_db.orders_fc' not found in metadata catalog
2025-11-17 13:16:20.439 - Table 'academy_db.orders_fc' not found in metadata catalog
2025-11-17 13:16:40.486 - Table 'academy_db.orders_fc' not found in metadata catalog
2025-11-17 13:16:49.064 - Table 'academy_db.orders_fc' not found in metadata catalog
2025-11-17 13:16:49.064 - Table 'academy_db.orders_fc' not found in metadata catalog
2025-11-17 13:17:07.775 - Table 'academy_db.orders_fc' not found in metadata catalog
2025-11-17 13:17:07.776 - Table 'academy_db.orders_fc' not found in metadata catalog
2025-11-17 13:17:07.776 - Table 'academy_db.orders_fc' not found in metadata catalog
2025-11-17 13:17:13.205 - Table 'academy_db.orders_fc' not found in metadata catalog
2025-11-17 13:17:13.206 - Table 'academy_db.orders_fc' not found in metadata catalog
2025-11-17 13:17:13.206 - Table 'academy_db.orders_fc' not found in metadata catalog
2025-11-17 13:17:31.499 - Table 'academy_db.orders_fc' not found in metadata catalog
2025-11-17 13:17:37.849 - Table 'academy_db.orders_fc' not found in metadata catalog
2025-11-17 13:17:40.634 - Table 'academy_db.orders_fc' not found in metadata catalog
2025-11-17 13:18:34.332 - Table 'academy_db.orders_fc' not found in metadata catalog
2025-11-17 13:19:20.405 - Table 'academy_db.orders_fc' not found in metadata catalog
2025-11-17 13:19:30.825 - Table 'academy_db.orders_fc' not found in metadata catalog
2025-11-17 13:19:30.825 - Table 'academy_db.orders_fc' not found in metadata catalog
2025-11-17 13:49:53.503 - Application goes into sleep mode
2025-11-17 13:55:48.815 - Application wakes
2025-11-17 14:35:17.314 - Table 'academy_db.orders_fc' not found in metadata catalog
2025-11-17 14:35:25.501 - Table 'academy_db.orders_fc' not found in metadata catalog
2025-11-17 14:35:25.501 - Table 'academy_db.orders_fc' not found in metadata catalog
2025-11-17 14:35:25.501 - Table 'academy_db.orders_fc' not found in metadata catalog
2025-11-17 14:35:27.669 - Table 'academy_db.orders_fc' not found in metadata catalog
2025-11-17 14:35:27.669 - Table 'academy_db.orders_fc' not found in metadata catalog
2025-11-17 14:35:30.251 - Table 'academy_db.orders_fc' not found in metadata catalog
2025-11-17 14:35:30.251 - Table 'academy_db.orders_fc' not found in metadata catalog
2025-11-17 14:50:08.983 - Table 'academy_db.orders_fc' not found in metadata catalog
2025-11-17 14:50:08.983 - Table 'academy_db.orders_fc' not found in metadata catalog
2025-11-17 14:50:08.983 - Table 'academy_db.orders_fc' not found in metadata catalog
2025-11-17 14:50:08.983 - Table 'academy_db.orders_fc' not found in metadata catalog
2025-11-17 14:50:08.983 - Table 'academy_db.orders_fc' not found in metadata catalog
2025-11-17 16:07:02.804 - Can't parse numeric value [COUNT(*)] using formatter: For input string: "COUNT(*)"
2025-11-17 16:07:02.804 - Can't parse numeric value [COUNT(*)] using formatter: For input string: "COUNT(*)"
2025-11-17 16:07:02.805 - Can't parse numeric value [COUNT(*)] using formatter: For input string: "COUNT(*)"
2025-11-17 16:07:02.805 - Can't parse numeric value [COUNT(*)] using formatter: For input string: "COUNT(*)"
2025-11-17 16:07:02.805 - Can't parse numeric value [COUNT(*)] using formatter: For input string: "COUNT(*)"
2025-11-17 16:21:46.790 - Paste error: clipboard contains data in unsupported format
2025-11-17 18:08:06.730 - Paste error: clipboard contains data in unsupported format
2025-11-17 18:14:30.947 - Can't parse numeric value [SELECT *, salary FROM employees, salaries
JOIN salaries s ON e.emp_no = s.emp_no
WHERE s.salary > (SELECT AVG(salary) FROM salaries
);] using formatter: For input string: "SE"
2025-11-17 18:14:30.947 - Can't parse numeric value [SELECT *, salary FROM employees, salaries
JOIN salaries s ON e.emp_no = s.emp_no
WHERE s.salary > (SELECT AVG(salary) FROM salaries
);] using formatter: For input string: "SE"
2025-11-17 18:14:30.950 - Can't parse numeric value [SELECT *, salary FROM employees, salaries
JOIN salaries s ON e.emp_no = s.emp_no
WHERE s.salary > (SELECT AVG(salary) FROM salaries
);] using formatter: For input string: "SE"
2025-11-17 18:14:30.952 - Can't parse numeric value [SELECT *, salary FROM employees, salaries
JOIN salaries s ON e.emp_no = s.emp_no
WHERE s.salary > (SELECT AVG(salary) FROM salaries
);] using formatter: For input string: "SE"
2025-11-17 18:14:30.954 - Can't parse numeric value [SELECT *, salary FROM employees, salaries
JOIN salaries s ON e.emp_no = s.emp_no
WHERE s.salary > (SELECT AVG(salary) FROM salaries
);] using formatter: For input string: "SE"
2025-11-17 18:14:32.718 - Can't parse numeric value [SELECT *, salary FROM employees, salaries
JOIN salaries s ON e.emp_no = s.emp_no
WHERE s.salary > (SELECT AVG(salary) FROM salaries
);] using formatter: For input string: "SE"
2025-11-17 18:14:32.719 - Can't parse numeric value [SELECT *, salary FROM employees, salaries
JOIN salaries s ON e.emp_no = s.emp_no
WHERE s.salary > (SELECT AVG(salary) FROM salaries
);] using formatter: For input string: "SE"
2025-11-17 18:14:32.722 - Can't parse numeric value [SELECT *, salary FROM employees, salaries
JOIN salaries s ON e.emp_no = s.emp_no
WHERE s.salary > (SELECT AVG(salary) FROM salaries
);] using formatter: For input string: "SE"
2025-11-17 18:14:32.725 - Can't parse numeric value [SELECT *, salary FROM employees, salaries
JOIN salaries s ON e.emp_no = s.emp_no
WHERE s.salary > (SELECT AVG(salary) FROM salaries
);] using formatter: For input string: "SE"
2025-11-17 18:14:32.727 - Can't parse numeric value [SELECT *, salary FROM employees, salaries
JOIN salaries s ON e.emp_no = s.emp_no
WHERE s.salary > (SELECT AVG(salary) FROM salaries
);] using formatter: For input string: "SE"
2025-11-17 18:20:56.377 - Execution context closed (localhost, 2)
2025-11-17 18:20:56.490 - Dispose navigator model
2025-11-17 18:20:56.504 - DBeaver is stopping
2025-11-17 18:20:56.505 - Stop instance server
2025-11-17 18:20:57.514 - Instance server has been stopped
2025-11-17 18:20:57.514 - DBeaver shutdown completed
